<?xml version="1.0" encoding="UTF-8"?>
<!-- Generated by org.testng.reporters.JUnitReportReporter -->
<testsuite hostname="ANIKET" failures="0" tests="1" name="org.example.RemoveCartTest" time="116.601" errors="0" timestamp="2023-04-30T14:32:57 IST" skipped="0">
  <testcase classname="org.example.RemoveCartTest" name="verifyRemoveCartTest" time="116.601"/>
  <system-out/>
</testsuite> <!-- org.example.RemoveCartTest -->
