<?xml version="1.0" encoding="UTF-8"?>
<!-- Generated by org.testng.reporters.JUnitReportReporter -->
<testsuite hostname="ANIKET" failures="0" tests="1" name="org.example.SignOutPageTest" time="122.670" errors="0" timestamp="2023-04-30T14:32:57 IST" skipped="0">
  <testcase classname="org.example.SignOutPageTest" name="verifySignOutTest" time="122.670"/>
  <system-out/>
</testsuite> <!-- org.example.SignOutPageTest -->
