<?xml version="1.0" encoding="UTF-8"?>
<!-- Generated by org.testng.reporters.JUnitReportReporter -->
<testsuite hostname="ANIKET" failures="0" tests="1" name="org.example.SavedDetailsTest" time="53.290" errors="0" timestamp="2023-04-27T18:03:09 IST" skipped="0">
  <testcase classname="org.example.SavedDetailsTest" name="verifySavedDetailsTest" time="53.290"/>
  <system-out/>
</testsuite> <!-- org.example.SavedDetailsTest -->
